{"level":"info","msg":"| 404 |            0s |             ::1 | GET  /upload |","time":"2019-04-16T10:59:43+08:00"}
{"level":"info","msg":"| 200 |     74.0042ms |             ::1 | POST  /upload |","time":"2019-04-16T11:37:39+08:00"}
{"level":"info","msg":"| 201 |     68.0039ms |             ::1 | POST  /upload |","time":"2019-04-16T11:39:45+08:00"}
{"level":"info","msg":"| 201 |     89.0051ms |             ::1 | POST  /upload |","time":"2019-04-16T11:42:18+08:00"}
{"level":"info","msg":"| 201 |      70.004ms |             ::1 | POST  /upload |","time":"2019-04-16T11:51:27+08:00"}
{"level":"info","msg":"| 201 |      3.0002ms |             ::1 | POST  /upload |","time":"2019-04-16T11:53:47+08:00"}
{"level":"info","msg":"| 201 |     12.0007ms |             ::1 | POST  /upload |","time":"2019-04-16T11:57:01+08:00"}
{"level":"info","msg":"| 201 |      7.0004ms |             ::1 | POST  /upload |","time":"2019-04-16T11:59:52+08:00"}
{"level":"info","msg":"| 201 |      7.0004ms |             ::1 | POST  /upload |","time":"2019-04-16T11:59:58+08:00"}
{"level":"info","msg":"| 201 |      3.0002ms |             ::1 | POST  /upload |","time":"2019-04-16T12:00:58+08:00"}
{"level":"info","msg":"| 201 |      3.0002ms |             ::1 | POST  /upload |","time":"2019-04-16T12:01:07+08:00"}
{"level":"info","msg":"| 201 |      6.0004ms |             ::1 | POST  /upload |","time":"2019-04-16T12:01:17+08:00"}
{"level":"info","msg":"| 201 |      4.0003ms |             ::1 | POST  /upload |","time":"2019-04-16T12:02:48+08:00"}
{"level":"info","msg":"| 201 |      5.0003ms |             ::1 | POST  /upload |","time":"2019-04-16T12:03:58+08:00"}
{"level":"info","msg":"| 201 |      3.0002ms |             ::1 | POST  /upload |","time":"2019-04-16T12:04:43+08:00"}
{"level":"info","msg":"| 201 |     66.0038ms |             ::1 | POST  /upload |","time":"2019-04-16T13:37:05+08:00"}
{"level":"info","msg":"| 201 |      8.0005ms |             ::1 | POST  /upload |","time":"2019-04-16T13:39:08+08:00"}
{"level":"info","msg":"| 201 |      3.0002ms |             ::1 | POST  /upload |","time":"2019-04-16T13:39:44+08:00"}
{"level":"info","msg":"| 201 |     68.0039ms |             ::1 | POST  /upload |","time":"2019-04-16T13:47:07+08:00"}
{"level":"info","msg":"| 201 |      9.0005ms |             ::1 | POST  /upload |","time":"2019-04-16T13:47:44+08:00"}
{"level":"info","msg":"| 201 |      8.0005ms |             ::1 | POST  /upload |","time":"2019-04-16T13:52:42+08:00"}
{"level":"info","msg":"| 200 | 3m30.9860677s |             ::1 | POST  /upload |","time":"2019-04-16T14:11:56+08:00"}
{"level":"info","msg":"| 201 |      4.0002ms |             ::1 | POST  /upload |","time":"2019-04-16T14:12:29+08:00"}
{"level":"info","msg":"| 201 |      6.0003ms |             ::1 | POST  /upload |","time":"2019-04-16T14:12:49+08:00"}
{"level":"info","msg":"| 201 |      4.0002ms |             ::1 | POST  /upload |","time":"2019-04-16T14:14:34+08:00"}
{"level":"info","msg":"| 201 |      5.0003ms |             ::1 | POST  /upload |","time":"2019-04-16T14:21:38+08:00"}
{"level":"info","msg":"| 201 |    6.9613981s |             ::1 | POST  /upload |","time":"2019-04-16T14:25:23+08:00"}
{"level":"info","msg":"| 201 |      7.0004ms |             ::1 | POST  /upload |","time":"2019-04-16T14:26:59+08:00"}
{"level":"info","msg":"| 201 |     60.0034ms |             ::1 | POST  /upload |","time":"2019-04-16T14:32:44+08:00"}
{"level":"info","msg":"| 201 |      6.0004ms |             ::1 | POST  /upload |","time":"2019-04-16T14:33:06+08:00"}
{"level":"info","msg":"| 201 |     41.0024ms |             ::1 | POST  /upload |","time":"2019-04-16T14:36:54+08:00"}
{"level":"info","msg":"| 201 |      9.0005ms |             ::1 | POST  /upload |","time":"2019-04-16T15:00:46+08:00"}
{"level":"info","msg":"| 201 |     11.0006ms |             ::1 | POST  /upload |","time":"2019-04-16T15:01:26+08:00"}
{"level":"info","msg":"| 201 |      5.0003ms |             ::1 | POST  /upload |","time":"2019-04-16T15:04:20+08:00"}
{"level":"info","msg":"| 201 |    397.0227ms |             ::1 | POST  /upload |","time":"2019-04-16T15:16:21+08:00"}
{"level":"info","msg":"| 201 |    119.0068ms |             ::1 | POST  /upload |","time":"2019-04-16T15:17:16+08:00"}
{"level":"info","msg":"| 201 |    247.0141ms |             ::1 | POST  /upload |","time":"2019-04-16T15:17:39+08:00"}
{"level":"info","msg":"| 201 |    181.0103ms |             ::1 | POST  /upload |","time":"2019-04-16T15:20:05+08:00"}
{"level":"info","msg":"| 201 |    110.0063ms |             ::1 | POST  /upload |","time":"2019-04-16T15:20:20+08:00"}
{"level":"info","msg":"| 201 |      87.005ms |             ::1 | POST  /upload |","time":"2019-04-16T15:20:54+08:00"}
{"level":"info","msg":"| 201 |     90.0051ms |             ::1 | POST  /upload |","time":"2019-04-16T15:22:25+08:00"}
{"level":"info","msg":"| 201 |     94.0054ms |             ::1 | POST  /upload |","time":"2019-04-16T15:22:49+08:00"}
{"level":"info","msg":"| 201 |     94.0054ms |             ::1 | POST  /upload |","time":"2019-04-16T15:22:56+08:00"}
{"level":"info","msg":"| 201 |    109.0063ms |             ::1 | POST  /upload |","time":"2019-04-16T15:23:19+08:00"}
{"level":"info","msg":"| 201 |     92.0053ms |             ::1 | POST  /upload |","time":"2019-04-16T15:24:00+08:00"}
{"level":"info","msg":"| 201 |    145.0083ms |             ::1 | POST  /upload |","time":"2019-04-16T15:24:15+08:00"}
{"level":"info","msg":"| 201 |     84.0048ms |             ::1 | POST  /upload |","time":"2019-04-16T15:24:35+08:00"}
{"level":"info","msg":"| 201 |    214.0122ms |             ::1 | POST  /upload |","time":"2019-04-16T15:26:09+08:00"}
{"level":"info","msg":"| 201 |     85.0048ms |             ::1 | POST  /upload |","time":"2019-04-16T15:26:25+08:00"}
{"level":"info","msg":"| 201 |      5.0002ms |             ::1 | POST  /upload |","time":"2019-04-16T15:32:24+08:00"}
{"level":"info","msg":"| 201 |    160.0092ms |             ::1 | POST  /upload |","time":"2019-04-16T15:33:34+08:00"}
{"level":"info","msg":"| 201 |    240.0137ms |             ::1 | POST  /upload |","time":"2019-04-16T15:34:01+08:00"}
{"level":"info","msg":"| 201 |    115.0066ms |             ::1 | POST  /upload |","time":"2019-04-16T15:34:29+08:00"}
{"level":"info","msg":"| 201 |    409.0234ms |             ::1 | POST  /upload |","time":"2019-04-16T15:39:26+08:00"}
{"level":"info","msg":"| 201 |     25.0014ms |             ::1 | POST  /upload |","time":"2019-04-16T15:43:26+08:00"}
{"level":"info","msg":"| 201 |      6.0003ms |             ::1 | POST  /upload |","time":"2019-04-16T15:43:50+08:00"}
{"level":"info","msg":"| 201 |      5.0003ms |             ::1 | POST  /upload |","time":"2019-04-16T15:44:01+08:00"}
{"level":"info","msg":"| 201 |      6.0004ms |             ::1 | POST  /upload |","time":"2019-04-16T15:44:12+08:00"}
{"level":"info","msg":"| 201 |      5.0003ms |             ::1 | POST  /upload |","time":"2019-04-16T15:44:22+08:00"}
{"level":"info","msg":"| 201 |    521.0298ms |             ::1 | POST  /upload |","time":"2019-04-16T16:14:57+08:00"}
{"level":"info","msg":"| 201 |     69.0039ms |             ::1 | POST  /upload |","time":"2019-04-16T16:15:35+08:00"}
{"level":"info","msg":"| 201 |    160.0092ms |             ::1 | POST  /upload |","time":"2019-04-16T16:16:54+08:00"}
{"level":"info","msg":"| 201 |    324.0186ms |             ::1 | POST  /upload |","time":"2019-04-16T16:17:09+08:00"}
{"level":"info","msg":"| 201 |      3.0002ms |             ::1 | POST  /upload |","time":"2019-04-16T16:19:01+08:00"}
{"level":"info","msg":"| 201 |     10.0006ms |             ::1 | POST  /upload |","time":"2019-04-16T16:19:13+08:00"}
{"level":"info","msg":"| 201 |      3.0001ms |             ::1 | POST  /upload |","time":"2019-04-16T16:19:35+08:00"}
{"level":"info","msg":"| 201 |     80.0045ms |             ::1 | POST  /upload |","time":"2019-04-16T16:19:57+08:00"}
{"level":"info","msg":"| 201 |      70.004ms |             ::1 | POST  /upload |","time":"2019-04-16T16:22:09+08:00"}
{"level":"info","msg":"| 201 |      4.0002ms |             ::1 | POST  /upload |","time":"2019-04-16T16:22:45+08:00"}
{"level":"info","msg":"| 201 |      2.0001ms |             ::1 | POST  /upload |","time":"2019-04-16T16:22:53+08:00"}
{"level":"info","msg":"| 201 |     13.0008ms |             ::1 | POST  /upload |","time":"2019-04-16T16:31:42+08:00"}
{"level":"info","msg":"| 201 |      3.0002ms |             ::1 | POST  /upload |","time":"2019-04-16T16:31:48+08:00"}
{"level":"info","msg":"| 201 |      5.0003ms |             ::1 | POST  /upload |","time":"2019-04-16T16:32:21+08:00"}
{"level":"info","msg":"| 201 |      3.0001ms |             ::1 | POST  /upload |","time":"2019-04-16T16:37:25+08:00"}
{"level":"info","msg":"| 201 |      3.0002ms |             ::1 | POST  /upload |","time":"2019-04-16T16:40:42+08:00"}
{"level":"info","msg":"| 201 |      6.0003ms |             ::1 | POST  /upload |","time":"2019-04-16T16:41:02+08:00"}
{"level":"info","msg":"| 201 |      9.0005ms |             ::1 | POST  /upload |","time":"2019-04-16T16:41:35+08:00"}
{"level":"info","msg":"| 201 |      5.0003ms |             ::1 | POST  /upload |","time":"2019-04-16T16:47:42+08:00"}
{"level":"info","msg":"| 201 |     10.0005ms |             ::1 | POST  /upload |","time":"2019-04-16T16:53:01+08:00"}
{"level":"info","msg":"| 201 |      7.0004ms |             ::1 | POST  /upload |","time":"2019-04-16T16:53:24+08:00"}
{"level":"info","msg":"| 201 |     27.0015ms |             ::1 | POST  /upload |","time":"2019-04-16T16:54:32+08:00"}
{"level":"info","msg":"| 201 |     22.0013ms |             ::1 | POST  /upload |","time":"2019-04-16T16:54:42+08:00"}
{"level":"info","msg":"| 201 |      5.0003ms |             ::1 | POST  /upload |","time":"2019-04-16T16:55:01+08:00"}
{"level":"info","msg":"| 201 |      18.001ms |             ::1 | POST  /upload |","time":"2019-04-16T19:37:13+08:00"}
{"level":"info","msg":"| 201 |     21.0012ms |             ::1 | POST  /upload |","time":"2019-04-16T20:27:58+08:00"}
{"level":"info","msg":"| 201 |      17.001ms |             ::1 | POST  /upload |","time":"2019-04-16T20:28:29+08:00"}
{"level":"info","msg":"| 201 |     15.0008ms |             ::1 | POST  /upload |","time":"2019-04-16T20:28:38+08:00"}
{"level":"info","msg":"| 201 |     10.0006ms |             ::1 | POST  /upload |","time":"2019-04-16T20:28:46+08:00"}
{"level":"info","msg":"| 201 |      5.0003ms |             ::1 | POST  /upload |","time":"2019-04-16T20:29:57+08:00"}
