{"level":"info","msg":"| 200 |     630.036ms |             ::1 | POST  /account/login.do/tiger2 |","time":"2019-04-09T11:17:56+08:00"}
{"level":"info","msg":"| 401 |     93.0053ms |             ::1 | GET  /account/panda4 |","time":"2019-04-09T11:19:58+08:00"}
{"level":"info","msg":"| 200 |    293.0167ms |             ::1 | GET  /account/tiger2 |","time":"2019-04-09T11:20:07+08:00"}
{"level":"info","msg":"| 500 |   10.3605926s |             ::1 | POST  /account/login.do/tiger2 |","time":"2019-04-09T19:09:58+08:00"}
{"level":"info","msg":"| 200 |    609.0348ms |             ::1 | POST  /account/login.do/tiger2 |","time":"2019-04-09T19:10:15+08:00"}
{"level":"info","msg":"| 401 |    321.0183ms |             ::1 | GET  /account/tiger2 |","time":"2019-04-09T19:10:39+08:00"}
{"level":"info","msg":"| 401 |    325.0186ms |             ::1 | GET  /account/tiger2 |","time":"2019-04-09T19:11:25+08:00"}
{"level":"info","msg":"| 401 |    9.0425172s |             ::1 | GET  /account/tiger2 |","time":"2019-04-09T19:11:40+08:00"}
{"level":"info","msg":"| 200 |   30.3237344s |             ::1 | GET  /account/tiger2 |","time":"2019-04-09T19:13:34+08:00"}
{"level":"info","msg":"| 401 |   10.3285907s |             ::1 | GET  /account/tiger2 |","time":"2019-04-09T19:14:50+08:00"}
{"level":"info","msg":"| 200 |    3.8622209s |             ::1 | GET  /account/tiger2 |","time":"2019-04-09T19:16:00+08:00"}
{"level":"info","msg":"| 200 |    4.8292762s |             ::1 | GET  /account/tiger2 |","time":"2019-04-09T19:18:17+08:00"}
{"level":"info","msg":"| 200 |    251.0143ms |             ::1 | GET  /account/tiger2 |","time":"2019-04-09T19:18:24+08:00"}
{"level":"info","msg":"| 200 |    265.0152ms |             ::1 | GET  /account/tiger2 |","time":"2019-04-09T19:18:28+08:00"}
{"level":"info","msg":"| 401 |     31.0017ms |             ::1 | GET  /account/tiger2 |","time":"2019-04-09T19:18:35+08:00"}
{"level":"info","msg":"| 401 |    3.3311905s |             ::1 | GET  /account/tiger2 |","time":"2019-04-09T19:18:41+08:00"}
{"level":"info","msg":"| 401 |   13.0097441s |             ::1 | GET  /account/tiger2 |","time":"2019-04-09T19:19:02+08:00"}
{"level":"info","msg":"| 200 |    243.0139ms |             ::1 | GET  /account/tiger2 |","time":"2019-04-09T19:19:32+08:00"}
{"level":"info","msg":"| 200 |    276.0157ms |             ::1 | GET  /account/tiger2 |","time":"2019-04-09T19:19:34+08:00"}
{"level":"info","msg":"| 200 |    233.0134ms |             ::1 | GET  /account/tiger2 |","time":"2019-04-09T19:19:35+08:00"}
{"level":"info","msg":"| 200 |    1.7370993s |             ::1 | GET  /account/tiger2 |","time":"2019-04-09T19:19:38+08:00"}
{"level":"info","msg":"| 200 |    6.8233903s |             ::1 | GET  /account/tiger2 |","time":"2019-04-09T19:19:47+08:00"}
{"level":"info","msg":"| 200 |     245.014ms |             ::1 | GET  /account/tiger2 |","time":"2019-04-09T19:21:34+08:00"}
{"level":"info","msg":"| 200 |    256.0146ms |             ::1 | GET  /account/tiger2 |","time":"2019-04-09T19:21:42+08:00"}
{"level":"info","msg":"| 200 |     490.028ms |             ::1 | GET  /account/tiger2 |","time":"2019-04-09T19:21:43+08:00"}
{"level":"info","msg":"| 200 |    467.0267ms |             ::1 | GET  /account/tiger2 |","time":"2019-04-09T19:21:43+08:00"}
{"level":"info","msg":"| 200 |    252.0144ms |             ::1 | GET  /account/tiger2 |","time":"2019-04-09T19:21:44+08:00"}
{"level":"info","msg":"| 200 |    281.0161ms |             ::1 | GET  /account/tiger2 |","time":"2019-04-09T19:21:45+08:00"}
{"level":"info","msg":"| 200 |    502.0287ms |             ::1 | GET  /account/tiger2 |","time":"2019-04-09T19:21:46+08:00"}
{"level":"info","msg":"| 200 |    258.0147ms |             ::1 | GET  /account/tiger2 |","time":"2019-04-09T19:21:46+08:00"}
{"level":"info","msg":"| 200 |    260.0149ms |             ::1 | GET  /account/tiger2 |","time":"2019-04-09T19:21:47+08:00"}
{"level":"info","msg":"| 200 |    269.0154ms |             ::1 | GET  /account/tiger2 |","time":"2019-04-09T19:21:47+08:00"}
{"level":"info","msg":"| 200 |     228.013ms |             ::1 | GET  /account/tiger2 |","time":"2019-04-09T19:21:48+08:00"}
{"level":"info","msg":"| 200 |    239.0137ms |             ::1 | GET  /account/tiger2 |","time":"2019-04-09T19:21:48+08:00"}
{"level":"info","msg":"| 200 |     61.0035ms |             ::1 | POST  /account/login.do/dolphin |","time":"2019-04-09T19:26:57+08:00"}
{"level":"info","msg":"| 401 |     30.0017ms |             ::1 | GET  /account/tiger2 |","time":"2019-04-09T19:27:20+08:00"}
{"level":"info","msg":"| 200 |    2.4461399s |             ::1 | GET  /account/dolphin |","time":"2019-04-09T19:27:33+08:00"}
{"level":"info","msg":"| 200 |     78.0045ms |             ::1 | POST  /account/logout.do/dolphin |","time":"2019-04-09T19:29:23+08:00"}
{"level":"info","msg":"| 200 |     80.0046ms |             ::1 | POST  /account/login.do/dolphin |","time":"2019-04-09T19:39:24+08:00"}
{"level":"info","msg":"| 500 |     77.0044ms |             ::1 | POST  /account/logout.do/dolphin |","time":"2019-04-09T19:39:50+08:00"}
{"level":"info","msg":"| 500 |    103.0059ms |             ::1 | POST  /account/logout.do/dolphin |","time":"2019-04-09T19:40:27+08:00"}
{"level":"info","msg":"| 500 |    170.0098ms |             ::1 | POST  /account/logout.do/dolphin |","time":"2019-04-09T19:42:39+08:00"}
{"level":"info","msg":"| 200 |     123.007ms |             ::1 | POST  /account/logout.do/dolphin |","time":"2019-04-09T19:44:53+08:00"}
{"level":"info","msg":"| 401 |     41.0023ms |             ::1 | POST  /account/logout.do/dolphin |","time":"2019-04-09T19:45:06+08:00"}
{"level":"info","msg":"| 200 |    136.0078ms |             ::1 | POST  /account/login.do/dolphin |","time":"2019-04-09T19:47:32+08:00"}
{"level":"info","msg":"| 200 |    120.0069ms |             ::1 | POST  /account/logout.do/dolphin |","time":"2019-04-09T19:47:45+08:00"}
{"level":"info","msg":"| 401 |     32.0019ms |             ::1 | POST  /account/logout.do/dolphin |","time":"2019-04-09T19:47:47+08:00"}
{"level":"info","msg":"| 401 |     27.0015ms |             ::1 | POST  /account/logout.do/dolphin |","time":"2019-04-09T19:47:58+08:00"}
{"level":"info","msg":"| 401 |     60.0035ms |             ::1 | POST  /account/logout.do/dolphin |","time":"2019-04-09T19:49:50+08:00"}
{"level":"info","msg":"| 401 |     41.0024ms |             ::1 | POST  /account/logout.do/dolphin |","time":"2019-04-09T19:50:18+08:00"}
{"level":"info","msg":"| 401 |     41.0023ms |             ::1 | POST  /account/logout.do/dolphin |","time":"2019-04-09T19:51:22+08:00"}
{"level":"info","msg":"| 401 |     45.0026ms |             ::1 | POST  /account/logout.do/dolphin |","time":"2019-04-09T19:53:15+08:00"}
{"level":"info","msg":"| 200 |     94.0054ms |             ::1 | POST  /account/login.do/dolphin |","time":"2019-04-09T19:54:04+08:00"}
{"level":"info","msg":"| 200 |    2.1711241s |             ::1 | GET  /account/dolphin |","time":"2019-04-09T19:54:21+08:00"}
{"level":"info","msg":"| 200 |    108.0062ms |             ::1 | POST  /account/logout.do/dolphin |","time":"2019-04-09T19:54:29+08:00"}
{"level":"info","msg":"| 401 |     32.0018ms |             ::1 | POST  /account/logout.do/dolphin |","time":"2019-04-09T19:54:31+08:00"}
{"level":"info","msg":"| 200 |     72.0041ms |             ::1 | POST  /account/login.do/dolphin |","time":"2019-04-09T19:54:48+08:00"}
{"level":"info","msg":"| 201 |    189.0109ms |             ::1 | POST  /account |","time":"2019-04-09T19:55:56+08:00"}
{"level":"info","msg":"| 200 |    2.4121379s |             ::1 | GET  /account/dolphin |","time":"2019-04-09T19:56:24+08:00"}
{"level":"info","msg":"| 401 |     34.0019ms |             ::1 | POST  /account/info/update |","time":"2019-04-09T19:57:15+08:00"}
{"level":"info","msg":"| 200 |    150.0086ms |             ::1 | POST  /account/info/update |","time":"2019-04-09T19:57:40+08:00"}
{"level":"info","msg":"| 400 |           1ms |             ::1 | POST  /account/pwd/update |","time":"2019-04-09T20:01:38+08:00"}
{"level":"info","msg":"| 200 |    131.0075ms |             ::1 | POST  /account/pwd/update |","time":"2019-04-09T20:01:45+08:00"}
{"level":"info","msg":"| 200 |    126.0072ms |             ::1 | POST  /account/pwd/update |","time":"2019-04-09T20:02:07+08:00"}
{"level":"info","msg":"| 200 |    3.4631981s |             ::1 | GET  /account_class/5/9 |","time":"2019-04-09T20:02:53+08:00"}
{"level":"info","msg":"| 401 |    10.000572s |             ::1 | GET  /account_class/5/7 |","time":"2019-04-09T20:03:54+08:00"}
{"level":"info","msg":"| 200 |    8.4514834s |             ::1 | GET  /account_class/5/7 |","time":"2019-04-09T20:04:06+08:00"}
{"level":"info","msg":"| 200 |     89.0051ms |             ::1 | GET  /account_class/5/8 |","time":"2019-04-09T20:04:11+08:00"}
{"level":"info","msg":"| 404 |            0s |             ::1 | GET  /account_device/8 |","time":"2019-04-09T20:04:35+08:00"}
{"level":"info","msg":"| 200 |     83.0047ms |             ::1 | GET  /account_device/5/8 |","time":"2019-04-09T20:04:52+08:00"}
{"level":"info","msg":"| 401 |     43.0025ms |             ::1 | GET  /account_device/5/8 |","time":"2019-04-09T20:07:03+08:00"}
{"level":"info","msg":"| 401 |     46.0027ms |             ::1 | GET  /account_class/5/8 |","time":"2019-04-09T20:07:05+08:00"}
