{"level":"info","msg":"| 200 |     73.0042ms |             ::1 | POST  /upload |","time":"2019-04-17T09:34:00+08:00"}
{"level":"info","msg":"| 201 |      5.0003ms |             ::1 | POST  /upload |","time":"2019-04-17T09:35:46+08:00"}
{"level":"info","msg":"| 201 |    207.0118ms |             ::1 | POST  /upload |","time":"2019-04-17T09:35:59+08:00"}
{"level":"info","msg":"| 201 |      5.0002ms |             ::1 | POST  /upload |","time":"2019-04-17T09:36:54+08:00"}
{"level":"info","msg":"| 201 |    683.0391ms |             ::1 | POST  /upload |","time":"2019-04-17T14:57:31+08:00"}
{"level":"info","msg":"| 201 |    248.0142ms |             ::1 | POST  /upload |","time":"2019-04-17T15:32:26+08:00"}
{"level":"info","msg":"| 201 |    324.0185ms |             ::1 | POST  /upload |","time":"2019-04-17T15:33:26+08:00"}
{"level":"info","msg":"| 201 |    329.0188ms |             ::1 | POST  /upload |","time":"2019-04-17T15:33:57+08:00"}
{"level":"info","msg":"| 201 |     15.0008ms |             ::1 | POST  /upload |","time":"2019-04-17T15:34:02+08:00"}
{"level":"info","msg":"| 200 |     19.0011ms |     172.16.0.36 | OPTIONS  /group |","time":"2019-04-17T15:57:46+08:00"}
{"level":"info","msg":"| 200 |    526.0301ms |     172.16.0.36 | POST  /group |","time":"2019-04-17T15:57:47+08:00"}
{"level":"info","msg":"| 200 |            0s |     172.16.0.36 | OPTIONS  /account/text002 |","time":"2019-04-17T15:57:47+08:00"}
{"level":"info","msg":"| 200 |    348.0199ms |     172.16.0.36 | GET  /account/text002 |","time":"2019-04-17T15:57:47+08:00"}
{"level":"info","msg":"| 200 |    267.0152ms |     172.16.0.36 | POST  /group |","time":"2019-04-17T15:59:13+08:00"}
{"level":"info","msg":"| 200 |    381.0218ms |     172.16.0.36 | GET  /account/text002 |","time":"2019-04-17T15:59:13+08:00"}
{"level":"info","msg":"| 200 |     455.026ms |     172.16.0.36 | POST  /group |","time":"2019-04-17T15:59:31+08:00"}
{"level":"info","msg":"| 200 |    503.0287ms |     172.16.0.36 | GET  /account/text002 |","time":"2019-04-17T15:59:31+08:00"}
{"level":"info","msg":"| 404 |            0s |             ::1 | POST  /uploadsd |","time":"2019-04-17T17:51:59+08:00"}
{"level":"info","msg":"| 201 |    154.0089ms |             ::1 | POST  /upload |","time":"2019-04-17T18:11:42+08:00"}
{"level":"info","msg":"| 201 |    273.0156ms |             ::1 | POST  /upload |","time":"2019-04-17T18:15:21+08:00"}
{"level":"info","msg":"| 201 |      3.0002ms |             ::1 | POST  /upload |","time":"2019-04-17T18:29:37+08:00"}
{"level":"info","msg":"| 201 |     15.0009ms |             ::1 | POST  /upload |","time":"2019-04-17T19:29:42+08:00"}
{"level":"info","msg":"| 201 |     95.0054ms |             ::1 | POST  /upload |","time":"2019-04-17T19:29:50+08:00"}
{"level":"info","msg":"| 201 |    108.0062ms |             ::1 | POST  /upload |","time":"2019-04-17T19:29:53+08:00"}
{"level":"info","msg":"| 201 |      4.0002ms |             ::1 | POST  /upload |","time":"2019-04-17T19:46:56+08:00"}
{"level":"info","msg":"| 201 |    113.0065ms |             ::1 | POST  /upload |","time":"2019-04-17T19:47:12+08:00"}
{"level":"info","msg":"| 201 |    4.4562549s |             ::1 | POST  /upload |","time":"2019-04-17T19:54:33+08:00"}
{"level":"info","msg":"| 200 |   58.9383711s |             ::1 | POST  /upload |","time":"2019-04-17T19:55:43+08:00"}
{"level":"info","msg":"| 201 |    1.6330934s |             ::1 | POST  /upload |","time":"2019-04-17T19:56:44+08:00"}
{"level":"info","msg":"| 200 |    8.7425001s |             ::1 | POST  /upload |","time":"2019-04-17T19:56:58+08:00"}
{"level":"info","msg":"| 201 |  1m0.1234388s |             ::1 | POST  /upload |","time":"2019-04-17T20:01:41+08:00"}
{"level":"info","msg":"| 201 |    1.1440654s |             ::1 | POST  /upload |","time":"2019-04-17T20:02:21+08:00"}
{"level":"info","msg":"| 200 | 2m25.2113056s |             ::1 | POST  /upload |","time":"2019-04-17T20:04:58+08:00"}
{"level":"info","msg":"| 201 |   17.2509867s |             ::1 | POST  /upload |","time":"2019-04-17T20:05:23+08:00"}
{"level":"info","msg":"| 201 |    1.4540831s |             ::1 | POST  /upload |","time":"2019-04-17T20:05:28+08:00"}
{"level":"info","msg":"| 201 |    9.5555465s |             ::1 | POST  /upload |","time":"2019-04-17T20:05:44+08:00"}
{"level":"info","msg":"| 201 |   14.5448319s |             ::1 | POST  /upload |","time":"2019-04-17T20:05:58+08:00"}
{"level":"info","msg":"| 201 |    754.0431ms |             ::1 | POST  /upload |","time":"2019-04-17T20:08:08+08:00"}
{"level":"info","msg":"| 200 | 2m22.4461475s |             ::1 | POST  /upload |","time":"2019-04-17T20:10:43+08:00"}
{"level":"info","msg":"| 201 |    1.4140809s |             ::1 | POST  /upload |","time":"2019-04-17T20:11:21+08:00"}
{"level":"info","msg":"| 200 | 2m19.7069908s |             ::1 | POST  /upload |","time":"2019-04-17T20:13:50+08:00"}
{"level":"info","msg":"| 201 |    1.0640609s |             ::1 | POST  /upload |","time":"2019-04-17T20:21:27+08:00"}
{"level":"info","msg":"| 201 | 1m48.2471914s |             ::1 | POST  /upload |","time":"2019-04-17T20:23:30+08:00"}
{"level":"info","msg":"| 201 |    2.9941713s |             ::1 | POST  /upload |","time":"2019-04-17T20:23:42+08:00"}
{"level":"info","msg":"| 201 |    4.1172355s |             ::1 | POST  /upload |","time":"2019-04-17T20:23:48+08:00"}
{"level":"info","msg":"| 201 |    849.0485ms |             ::1 | POST  /upload |","time":"2019-04-17T20:28:00+08:00"}
{"level":"info","msg":"| 201 |    7.7694444s |             ::1 | POST  /upload |","time":"2019-04-17T20:28:11+08:00"}
{"level":"info","msg":"| 201 |    2.1981258s |             ::1 | POST  /upload |","time":"2019-04-17T20:28:19+08:00"}
{"level":"info","msg":"| 200 |    3.5102007s |             ::1 | POST  /upload |","time":"2019-04-17T20:28:27+08:00"}
{"level":"info","msg":"| 201 |     193.011ms |             ::1 | POST  /upload |","time":"2019-04-17T20:35:07+08:00"}
{"level":"info","msg":"| 201 |   29.7597022s |             ::1 | POST  /upload |","time":"2019-04-17T20:35:43+08:00"}
{"level":"info","msg":"| 201 |    3.3471915s |             ::1 | POST  /upload |","time":"2019-04-17T20:35:57+08:00"}
{"level":"info","msg":"| 201 |     15.0009ms |             ::1 | POST  /upload |","time":"2019-04-17T20:47:08+08:00"}
{"level":"info","msg":"| 201 |     64.0036ms |             ::1 | POST  /upload |","time":"2019-04-17T20:47:44+08:00"}
