[GIN] 2019/04/17 - 20:01:41 | 201 |  1m0.1734417s |             ::1 | POST     /upload
[GIN] 2019/04/17 - 20:02:21 | 201 |    1.1440654s |             ::1 | POST     /upload
[GIN] 2019/04/17 - 20:04:58 | 200 | 2m25.2123057s |             ::1 | POST     /upload
[GIN] 2019/04/17 - 20:05:23 | 201 |   17.2509867s |             ::1 | POST     /upload
[GIN] 2019/04/17 - 20:05:28 | 201 |    1.4540831s |             ::1 | POST     /upload
[GIN] 2019/04/17 - 20:05:44 | 201 |    9.5555465s |             ::1 | POST     /upload
[GIN] 2019/04/17 - 20:05:58 | 201 |   14.5448319s |             ::1 | POST     /upload
[GIN] 2019/04/17 - 20:08:08 | 201 |    755.0432ms |             ::1 | POST     /upload
[GIN] 2019/04/17 - 20:10:43 | 200 | 2m22.4471475s |             ::1 | POST     /upload
[GIN] 2019/04/17 - 20:11:21 | 201 |    1.4140809s |             ::1 | POST     /upload
[GIN] 2019/04/17 - 20:13:50 | 200 | 2m19.7079909s |             ::1 | POST     /upload
[GIN] 2019/04/17 - 20:21:27 | 201 |     1.065061s |             ::1 | POST     /upload
[GIN] 2019/04/17 - 20:23:30 | 201 | 1m48.2471914s |             ::1 | POST     /upload
[GIN] 2019/04/17 - 20:23:42 | 201 |    2.9941713s |             ::1 | POST     /upload
[GIN] 2019/04/17 - 20:23:48 | 201 |    4.1172355s |             ::1 | POST     /upload
[GIN] 2019/04/17 - 20:28:00 | 201 |    850.0486ms |             ::1 | POST     /upload
[GIN] 2019/04/17 - 20:28:11 | 201 |    7.7694444s |             ::1 | POST     /upload
[GIN] 2019/04/17 - 20:28:19 | 201 |    2.1981258s |             ::1 | POST     /upload
[GIN] 2019/04/17 - 20:28:27 | 200 |    3.5102007s |             ::1 | POST     /upload
[GIN] 2019/04/17 - 20:35:07 | 201 |    194.0111ms |             ::1 | POST     /upload
[GIN] 2019/04/17 - 20:35:43 | 201 |   29.7607022s |             ::1 | POST     /upload
[GIN] 2019/04/17 - 20:35:57 | 201 |    3.3471915s |             ::1 | POST     /upload
[GIN] 2019/04/17 - 20:47:08 | 201 |      17.001ms |             ::1 | POST     /upload
[GIN] 2019/04/17 - 20:47:44 | 201 |     64.0036ms |             ::1 | POST     /upload
